=== NexusLink Build System Correction ===
Resolving compilation architecture mismatches
Project Root: /mnt/c/Users/OBINexus/Projects/Packages/nlink-poc/nlink_cli_semverx

[STEP 1] Analyzing current project structure...
Current directory contents:
total 44
drwxrwxrwx 1 obinexus obinexus  4096 Jun 10 21:29 .
drwxrwxrwx 1 obinexus obinexus  4096 Jun 10 21:20 ..
drwxrwxrwx 1 obinexus obinexus  4096 Jun 10 21:20 backup_20250610_211726
drwxrwxrwx 1 obinexus obinexus  4096 Jun 10 21:22 bin
drwxrwxrwx 1 obinexus obinexus  4096 Jun 10 21:22 build
-rwxrwxrwx 1 obinexus obinexus   247 Jun 10 21:29 build_system_fix_20250610_212935.log
-rwxrwxrwx 1 obinexus obinexus 18754 Jun 10 21:29 build_system_fix.sh
drwxrwxrwx 1 obinexus obinexus  4096 Jun 10 21:20 cli
drwxrwxrwx 1 obinexus obinexus  4096 Jun 10 21:20 core
drwxrwxrwx 1 obinexus obinexus  4096 Jun 10 21:20 demo_semverx_project
drwxrwxrwx 1 obinexus obinexus  4096 Jun 10 21:20 examples
-rwxrwxrwx 1 obinexus obinexus     0 Jun 10 20:38 .gitkeep
drwxrwxrwx 1 obinexus obinexus  4096 Jun 10 21:20 include
drwxrwxrwx 1 obinexus obinexus  4096 Jun 10 21:22 lib
-rwxrwxrwx 1 obinexus obinexus  1573 Jun 10 21:20 Makefile
-rwxrwxrwx 1 obinexus obinexus 12303 Jun 10 21:20 Makefile.old
drwxrwxrwx 1 obinexus obinexus  4096 Jun 10 21:20 nlink
-rwxrwxrwx 1 obinexus obinexus  1508 Jun 10 21:20 pkg.nlink
drwxrwxrwx 1 obinexus obinexus  4096 Jun 10 21:20 scripts
drwxrwxrwx 1 obinexus obinexus  4096 Jun 10 21:20 semverx
drwxrwxrwx 1 obinexus obinexus  4096 Jun 10 21:20 src
drwxrwxrwx 1 obinexus obinexus  4096 Jun 10 20:43 test
drwxrwxrwx 1 obinexus obinexus  4096 Jun 10 21:17 tests
drwxrwxrwx 1 obinexus obinexus  4096 Jun 10 21:20 .vscode

Source directory structure:
src/cli/parser_interface.c
src/core/config.c
src/main.c

Include directory structure:
include/core/config.h
include/nlink/nlink_test_assert.h
include/nlink_semverx/cli/parser_interface.h
include/nlink_semverx/core/config.h
include/nlink_semverx/core/error_codes.h
include/nlink_semverx/core/types.h
include/nlink_semverx/nlink_semverx.h
include/semverx/semverx_parser.h

[STEP 2] Creating missing header dependencies...
[STEP 3] Creating source files with corrected include paths...
Creating src/main.c with proper includes...
Creating src/core/config.c with proper includes...
Creating src/cli/parser_interface.c with proper includes...
✅ Source files created with corrected include paths
[STEP 4] Creating corrected Makefile with proper source paths...
✅ Created corrected Makefile
[STEP 5] Building with corrected architecture...
gcc -Wall -Wextra -std=c99 -pthread -I./include -MM -MT build/main.o src/main.c > build/main.d
In file included from src/main.c:8:
./include/nlink_semverx/nlink_semverx.h:29:10: fatal error: nlink_semverx/semverx/range_state.h: No such file or directory
   29 | #include "nlink_semverx/semverx/range_state.h"
      |          ^~~~~~~~~~~~~~~~~~~~~~~~~~~~~~~~~~~~~
compilation terminated.
gcc -Wall -Wextra -std=c99 -pthread -I./include -MM -MT build/cli/parser_interface.o src/cli/parser_interface.c > build/cli/parser_interface.d
gcc -Wall -Wextra -std=c99 -pthread -I./include -MM -MT build/core/config.o src/core/config.c > build/core/config.d
[CLEAN] Removing build artifacts
rm -rf build bin lib
gcc -Wall -Wextra -std=c99 -pthread -I./include -MM -MT build/main.o src/main.c > build/main.d
In file included from src/main.c:8:
./include/nlink_semverx/nlink_semverx.h:29:10: fatal error: nlink_semverx/semverx/range_state.h: No such file or directory
   29 | #include "nlink_semverx/semverx/range_state.h"
      |          ^~~~~~~~~~~~~~~~~~~~~~~~~~~~~~~~~~~~~
compilation terminated.
gcc -Wall -Wextra -std=c99 -pthread -I./include -MM -MT build/cli/parser_interface.o src/cli/parser_interface.c > build/cli/parser_interface.d
gcc -Wall -Wextra -std=c99 -pthread -I./include -MM -MT build/core/config.o src/core/config.c > build/core/config.d
[COMPILE] Core: src/core/config.c
gcc -Wall -Wextra -std=c99 -pthread -I./include -O2 -DNDEBUG -c src/core/config.c -o build/core/config.o
[COMPILE] CLI: src/cli/parser_interface.c
gcc -Wall -Wextra -std=c99 -pthread -I./include -O2 -DNDEBUG -c src/cli/parser_interface.c -o build/cli/parser_interface.o
[COMPILE] Main: src/main.c
gcc -Wall -Wextra -std=c99 -pthread -I./include -O2 -DNDEBUG -c src/main.c -o build/main.o
In file included from src/main.c:8:
./include/nlink_semverx/nlink_semverx.h:29:10: fatal error: nlink_semverx/semverx/range_state.h: No such file or directory
   29 | #include "nlink_semverx/semverx/range_state.h"
      |          ^~~~~~~~~~~~~~~~~~~~~~~~~~~~~~~~~~~~~
compilation terminated.
make: *** [Makefile:63: build/main.o] Error 1
✅ Build successful!
❌ Executable not created despite successful build
